mail() on [/home/thecoll2/public_html/signup.php:37]: To: dheerajchinna96@gmail.com -- Headers: From: info@thecollegefever.com  MIME-version: 1.0 Content-type: text/html; charset= iso-8859-1
mail() on [/home/thecoll2/public_html/feedback.php:70]: To: info@thecollegefever.com -- Headers: From:asds@asd.com MIME-version: 1.0 Content-type: text/html; charset= iso-8859-1
mail() on [/home/thecoll2/public_html/signup.php:37]: To: ankurghosh2007@gmail.com -- Headers: From: info@thecollegefever.com  MIME-version: 1.0 Content-type: text/html; charset= iso-8859-1
mail() on [/home/thecoll2/public_html/signup.php:37]: To: newtonanbarasu@gmail.com -- Headers: From: info@thecollegefever.com  MIME-version: 1.0 Content-type: text/html; charset= iso-8859-1
mail() on [/home/thecoll2/public_html/signup.php:37]: To: ayushgupta1994@gmail.com -- Headers: From: info@thecollegefever.com  MIME-version: 1.0 Content-type: text/html; charset= iso-8859-1
mail() on [/home/thecoll2/public_html/signup.php:37]: To: fantasticaxe@gmail.com -- Headers: From: info@thecollegefever.com  MIME-version: 1.0 Content-type: text/html; charset= iso-8859-1
mail() on [/home/thecoll2/public_html/myevents_1.php:165]: To: fadil@dotlinedesigns.com -- Headers: From: info@thecollegefever.com  MIME-version: 1.0 Content-type: text/html; charset= iso-8859-1
mail() on [/home/thecoll2/public_html/myevents_1.php:165]: To: fadil@dotlinedesigns.com -- Headers: From: info@thecollegefever.com  MIME-version: 1.0 Content-type: text/html; charset= iso-8859-1
mail() on [/home/thecoll2/public_html/signup.php:37]: To: doyelchakraborty489@gmail.com -- Headers: From: info@thecollegefever.com  MIME-version: 1.0 Content-type: text/html; charset= iso-8859-1
mail() on [/home/thecoll2/public_html/forgot.php:25]: To: doyelchakraborty489@gmail.com -- Headers: From: info@thecollegefever.com   MIME-version: 1.0 Content-type: text/html; charset= iso-8859-1
mail() on [/home/thecoll2/public_html/signup.php:37]: To: gurubhatta@gmail.com -- Headers: From: info@thecollegefever.com  MIME-version: 1.0 Content-type: text/html; charset= iso-8859-1
mail() on [/home/thecoll2/public_html/myevents_1.php:165]: To: kushalab@gmail.com -- Headers: From: info@thecollegefever.com  MIME-version: 1.0 Content-type: text/html; charset= iso-8859-1
mail() on [/home/thecoll2/public_html/signup.php:37]: To: kushal_ab@gmail.com -- Headers: From: info@thecollegefever.com  MIME-version: 1.0 Content-type: text/html; charset= iso-8859-1
mail() on [/home/thecoll2/public_html/signup.php:37]: To: akushal@allaince.edu.in -- Headers: From: info@thecollegefever.com  MIME-version: 1.0 Content-type: text/html; charset= iso-8859-1
mail() on [/home/thecoll2/public_html/signup.php:37]: To: kushal_ab@yahoo.com -- Headers: From: info@thecollegefever.com  MIME-version: 1.0 Content-type: text/html; charset= iso-8859-1
mail() on [/home/thecoll2/public_html/signup.php:37]: To: manasa94.rao@gmail.com -- Headers: From: info@thecollegefever.com  MIME-version: 1.0 Content-type: text/html; charset= iso-8859-1
mail() on [/home/thecoll2/public_html/forgot.php:25]: To: manasa94.rao@gmail.com -- Headers: From: info@thecollegefever.com   MIME-version: 1.0 Content-type: text/html; charset= iso-8859-1
mail() on [/home/thecoll2/public_html/signup.php:37]: To: aashikpalyam@gmail.com -- Headers: From: info@thecollegefever.com  MIME-version: 1.0 Content-type: text/html; charset= iso-8859-1
mail() on [/home/thecoll2/public_html/myevents_1.php:165]: To:  -- Headers: From: info@thecollegefever.com  MIME-version: 1.0 Content-type: text/html; charset= iso-8859-1
mail() on [/home/thecoll2/public_html/feedback.php:70]: To: info@thecollegefever.com -- Headers: From:shekarsreerama@gmail.com MIME-version: 1.0 Content-type: text/html; charset= iso-8859-1
mail() on [/home/thecoll2/public_html/feedback.php:70]: To: info@thecollegefever.com -- Headers: From:zcjiye@wrsamh.com MIME-version: 1.0 Content-type: text/html; charset= iso-8859-1
mail() on [/home/thecoll2/public_html/feedback.php:70]: To: info@thecollegefever.com -- Headers: From:gekpog@tcevts.com MIME-version: 1.0 Content-type: text/html; charset= iso-8859-1
mail() on [/home/thecoll2/public_html/signup.php:37]: To: mujwir@anyyuw.com -- Headers: From: info@thecollegefever.com  MIME-version: 1.0 Content-type: text/html; charset= iso-8859-1
mail() on [/home/thecoll2/public_html/signup.php:37]: To: dotlinewebmedia@gmai.com -- Headers: From: info@thecollegefever.com  MIME-version: 1.0 Content-type: text/html; charset= iso-8859-1
mail() on [/home/thecoll2/public_html/signup.php:37]: To: sms.2359@gmail.com -- Headers: From: info@thecollegefever.com  MIME-version: 1.0 Content-type: text/html; charset= iso-8859-1
mail() on [/home/thecoll2/public_html/signup.php:37]: To: asd@asd.com -- Headers: From: info@thecollegefever.com  MIME-version: 1.0 Content-type: text/html; charset= iso-8859-1
mail() on [/home/thecoll2/public_html/signup.php:37]: To: gauravmishra778@gmail.com -- Headers: From: info@thecollegefever.com  MIME-version: 1.0 Content-type: text/html; charset= iso-8859-1
mail() on [/home/thecoll2/public_html/contactus.php:81]: To: info@thecollegefever.com -- Headers: From:contact@blogmarketingbasicsemail.com MIME-version: 1.0 Content-type: text/html; charset= iso-8859-1
mail() on [/home/thecoll2/public_html/signup.php:37]: To: bhbhjb@jhkj.hj -- Headers: From: info@thecollegefever.com  MIME-version: 1.0 Content-type: text/html; charset= iso-8859-1
mail() on [/home/thecoll2/public_html/contactus.php:81]: To: info@thecollegefever.com -- Headers: From:wscyll@ksmhxx.com MIME-version: 1.0 Content-type: text/html; charset= iso-8859-1
mail() on [/home/thecoll2/public_html/signup.php:37]: To: 26posterboy@gmail.com -- Headers: From: info@thecollegefever.com  MIME-version: 1.0 Content-type: text/html; charset= iso-8859-1
mail() on [/home/thecoll2/public_html/signup.php:37]: To: djtihor@gmail.com -- Headers: From: info@thecollegefever.com  MIME-version: 1.0 Content-type: text/html; charset= iso-8859-1
mail() on [/home/thecoll2/public_html/signup.php:37]: To: pavankrish14@gmail.com -- Headers: From: info@thecollegefever.com  MIME-version: 1.0 Content-type: text/html; charset= iso-8859-1
mail() on [/home/thecoll2/public_html/signup.php:37]: To: help@venturesity.com -- Headers: From: info@thecollegefever.com  MIME-version: 1.0 Content-type: text/html; charset= iso-8859-1
mail() on [/home/thecoll2/public_html/contactus.php:81]: To: info@thecollegefever.com -- Headers: From:harsh@venturesity.com MIME-version: 1.0 Content-type: text/html; charset= iso-8859-1
mail() on [/home/thecoll2/public_html/signup.php:37]: To: abm10009@iiml.ac.in -- Headers: From: info@thecollegefever.com  MIME-version: 1.0 Content-type: text/html; charset= iso-8859-1
mail() on [/home/thecoll2/public_html/signup.php:37]: To: ashes.vats@gmail.com -- Headers: From: info@thecollegefever.com  MIME-version: 1.0 Content-type: text/html; charset= iso-8859-1
mail() on [/home/thecoll2/public_html/signup.php:37]: To: kaashish.nijhawan@hotmail.com -- Headers: From: info@thecollegefever.com  MIME-version: 1.0 Content-type: text/html; charset= iso-8859-1
mail() on [/home/thecoll2/public_html/signup.php:37]: To: shloakchopra71@gmail.com -- Headers: From: info@thecollegefever.com  MIME-version: 1.0 Content-type: text/html; charset= iso-8859-1
mail() on [/home/thecoll2/public_html/signup.php:37]: To: atharv@iimidr.ac.in -- Headers: From: info@thecollegefever.com  MIME-version: 1.0 Content-type: text/html; charset= iso-8859-1
